Analysis & Synthesis report for bridge_top
Sat Jun 24 22:02:29 2023
Quartus Prime Version 17.1.0 Build 590 10/25/2017 SJ Lite Edition


---------------------
; Table of Contents ;
---------------------
  1. Legal Notice
  2. Analysis & Synthesis Summary
  3. Analysis & Synthesis Settings
  4. Parallel Compilation
  5. Analysis & Synthesis Source Files Read
  6. Analysis & Synthesis Resource Usage Summary
  7. Analysis & Synthesis Resource Utilization by Entity
  8. State Machine - |bridge_top|APB_CONTROLLER:A2|present
  9. User-Specified and Inferred Latches
 10. Registers Removed During Synthesis
 11. General Register Statistics
 12. Multiplexer Restructuring Statistics (Restructuring Performed)
 13. Parameter Settings for User Entity Instance: APB_CONTROLLER:A2
 14. Port Connectivity Checks: "APB_CONTROLLER:A2"
 15. Port Connectivity Checks: "AHB_SLAVE_INTERFACE:A1"
 16. Post-Synthesis Netlist Statistics for Top Partition
 17. Elapsed Time Per Partition
 18. Analysis & Synthesis Messages



----------------
; Legal Notice ;
----------------
Copyright (C) 2017  Intel Corporation. All rights reserved.
Your use of Intel Corporation's design tools, logic functions 
and other software and tools, and its AMPP partner logic 
functions, and any output files from any of the foregoing 
(including device programming or simulation files), and any 
associated documentation or information are expressly subject 
to the terms and conditions of the Intel Program License 
Subscription Agreement, the Intel Quartus Prime License Agreement,
the Intel FPGA IP License Agreement, or other applicable license
agreement, including, without limitation, that your use is for
the sole purpose of programming logic devices manufactured by
Intel and sold by Intel or its authorized distributors.  Please
refer to the applicable agreement for further details.



+-------------------------------------------------------------------------------+
; Analysis & Synthesis Summary                                                  ;
+---------------------------------+---------------------------------------------+
; Analysis & Synthesis Status     ; Successful - Sat Jun 24 22:02:29 2023       ;
; Quartus Prime Version           ; 17.1.0 Build 590 10/25/2017 SJ Lite Edition ;
; Revision Name                   ; bridge_top                                  ;
; Top-level Entity Name           ; bridge_top                                  ;
; Family                          ; Cyclone V                                   ;
; Logic utilization (in ALMs)     ; N/A                                         ;
; Total registers                 ; 108                                         ;
; Total pins                      ; 206                                         ;
; Total virtual pins              ; 0                                           ;
; Total block memory bits         ; 0                                           ;
; Total DSP Blocks                ; 0                                           ;
; Total HSSI RX PCSs              ; 0                                           ;
; Total HSSI PMA RX Deserializers ; 0                                           ;
; Total HSSI TX PCSs              ; 0                                           ;
; Total HSSI PMA TX Serializers   ; 0                                           ;
; Total PLLs                      ; 0                                           ;
; Total DLLs                      ; 0                                           ;
+---------------------------------+---------------------------------------------+


+---------------------------------------------------------------------------------------------------------------------------+
; Analysis & Synthesis Settings                                                                                             ;
+---------------------------------------------------------------------------------+--------------------+--------------------+
; Option                                                                          ; Setting            ; Default Value      ;
+---------------------------------------------------------------------------------+--------------------+--------------------+
; Device                                                                          ; 5CGXFC7C7F23C8     ;                    ;
; Top-level entity name                                                           ; bridge_top         ; bridge_top         ;
; Family name                                                                     ; Cyclone V          ; Cyclone V          ;
; Use smart compilation                                                           ; Off                ; Off                ;
; Enable parallel Assembler and TimeQuest Timing Analyzer during compilation      ; On                 ; On                 ;
; Enable compact report table                                                     ; Off                ; Off                ;
; Restructure Multiplexers                                                        ; Auto               ; Auto               ;
; MLAB Add Timing Constraints For Mixed-Port Feed-Through Mode Setting Don't Care ; Off                ; Off                ;
; Create Debugging Nodes for IP Cores                                             ; Off                ; Off                ;
; Preserve fewer node names                                                       ; On                 ; On                 ;
; Intel FPGA IP Evaluation Mode                                                   ; Enable             ; Enable             ;
; Verilog Version                                                                 ; Verilog_2001       ; Verilog_2001       ;
; VHDL Version                                                                    ; VHDL_1993          ; VHDL_1993          ;
; State Machine Processing                                                        ; Auto               ; Auto               ;
; Safe State Machine                                                              ; Off                ; Off                ;
; Extract Verilog State Machines                                                  ; On                 ; On                 ;
; Extract VHDL State Machines                                                     ; On                 ; On                 ;
; Ignore Verilog initial constructs                                               ; Off                ; Off                ;
; Iteration limit for constant Verilog loops                                      ; 5000               ; 5000               ;
; Iteration limit for non-constant Verilog loops                                  ; 250                ; 250                ;
; Add Pass-Through Logic to Inferred RAMs                                         ; On                 ; On                 ;
; Infer RAMs from Raw Logic                                                       ; On                 ; On                 ;
; Parallel Synthesis                                                              ; On                 ; On                 ;
; DSP Block Balancing                                                             ; Auto               ; Auto               ;
; NOT Gate Push-Back                                                              ; On                 ; On                 ;
; Power-Up Don't Care                                                             ; On                 ; On                 ;
; Remove Redundant Logic Cells                                                    ; Off                ; Off                ;
; Remove Duplicate Registers                                                      ; On                 ; On                 ;
; Ignore CARRY Buffers                                                            ; Off                ; Off                ;
; Ignore CASCADE Buffers                                                          ; Off                ; Off                ;
; Ignore GLOBAL Buffers                                                           ; Off                ; Off                ;
; Ignore ROW GLOBAL Buffers                                                       ; Off                ; Off                ;
; Ignore LCELL Buffers                                                            ; Off                ; Off                ;
; Ignore SOFT Buffers                                                             ; On                 ; On                 ;
; Limit AHDL Integers to 32 Bits                                                  ; Off                ; Off                ;
; Optimization Technique                                                          ; Balanced           ; Balanced           ;
; Carry Chain Length                                                              ; 70                 ; 70                 ;
; Auto Carry Chains                                                               ; On                 ; On                 ;
; Auto Open-Drain Pins                                                            ; On                 ; On                 ;
; Perform WYSIWYG Primitive Resynthesis                                           ; Off                ; Off                ;
; Auto ROM Replacement                                                            ; On                 ; On                 ;
; Auto RAM Replacement                                                            ; On                 ; On                 ;
; Auto DSP Block Replacement                                                      ; On                 ; On                 ;
; Auto Shift Register Replacement                                                 ; Auto               ; Auto               ;
; Allow Shift Register Merging across Hierarchies                                 ; Auto               ; Auto               ;
; Auto Clock Enable Replacement                                                   ; On                 ; On                 ;
; Strict RAM Replacement                                                          ; Off                ; Off                ;
; Allow Synchronous Control Signals                                               ; On                 ; On                 ;
; Force Use of Synchronous Clear Signals                                          ; Off                ; Off                ;
; Auto Resource Sharing                                                           ; Off                ; Off                ;
; Allow Any RAM Size For Recognition                                              ; Off                ; Off                ;
; Allow Any ROM Size For Recognition                                              ; Off                ; Off                ;
; Allow Any Shift Register Size For Recognition                                   ; Off                ; Off                ;
; Use LogicLock Constraints during Resource Balancing                             ; On                 ; On                 ;
; Ignore translate_off and synthesis_off directives                               ; Off                ; Off                ;
; Timing-Driven Synthesis                                                         ; On                 ; On                 ;
; Report Parameter Settings                                                       ; On                 ; On                 ;
; Report Source Assignments                                                       ; On                 ; On                 ;
; Report Connectivity Checks                                                      ; On                 ; On                 ;
; Ignore Maximum Fan-Out Assignments                                              ; Off                ; Off                ;
; Synchronization Register Chain Length                                           ; 3                  ; 3                  ;
; Power Optimization During Synthesis                                             ; Normal compilation ; Normal compilation ;
; HDL message level                                                               ; Level2             ; Level2             ;
; Suppress Register Optimization Related Messages                                 ; Off                ; Off                ;
; Number of Removed Registers Reported in Synthesis Report                        ; 5000               ; 5000               ;
; Number of Swept Nodes Reported in Synthesis Report                              ; 5000               ; 5000               ;
; Number of Inverted Registers Reported in Synthesis Report                       ; 100                ; 100                ;
; Clock MUX Protection                                                            ; On                 ; On                 ;
; Auto Gated Clock Conversion                                                     ; Off                ; Off                ;
; Block Design Naming                                                             ; Auto               ; Auto               ;
; SDC constraint protection                                                       ; Off                ; Off                ;
; Synthesis Effort                                                                ; Auto               ; Auto               ;
; Shift Register Replacement - Allow Asynchronous Clear Signal                    ; On                 ; On                 ;
; Pre-Mapping Resynthesis Optimization                                            ; Off                ; Off                ;
; Analysis & Synthesis Message Level                                              ; Medium             ; Medium             ;
; Disable Register Merging Across Hierarchies                                     ; Auto               ; Auto               ;
; Resource Aware Inference For Block RAM                                          ; On                 ; On                 ;
; Automatic Parallel Synthesis                                                    ; On                 ; On                 ;
; Partial Reconfiguration Bitstream ID                                            ; Off                ; Off                ;
+---------------------------------------------------------------------------------+--------------------+--------------------+


+------------------------------------------+
; Parallel Compilation                     ;
+----------------------------+-------------+
; Processors                 ; Number      ;
+----------------------------+-------------+
; Number detected on machine ; 4           ;
; Maximum allowed            ; 2           ;
;                            ;             ;
; Average used               ; 1.00        ;
; Maximum used               ; 2           ;
;                            ;             ;
; Usage by Processor         ; % Time Used ;
;     Processor 1            ; 100.0%      ;
;     Processor 2            ;   0.0%      ;
+----------------------------+-------------+


+-----------------------------------------------------------------------------------------------------------------------------------------------------------------------------+
; Analysis & Synthesis Source Files Read                                                                                                                                      ;
+----------------------------------+-----------------+------------------------+-------------------------------------------------------------------------------------+---------+
; File Name with User-Entered Path ; Used in Netlist ; File Type              ; File Name with Absolute Path                                                        ; Library ;
+----------------------------------+-----------------+------------------------+-------------------------------------------------------------------------------------+---------+
; APB_CONTROLLER.v                 ; yes             ; User Verilog HDL File  ; C:/Users/HP/OneDrive/Desktop/Projects/MavenSilicon_Internship/APB_CONTROLLER.v      ;         ;
; AHB_SLAVE_INTERFACE.v            ; yes             ; User Verilog HDL File  ; C:/Users/HP/OneDrive/Desktop/Projects/MavenSilicon_Internship/AHB_SLAVE_INTERFACE.v ;         ;
; bridge_top.v                     ; yes             ; User Verilog HDL File  ; C:/Users/HP/OneDrive/Desktop/Projects/MavenSilicon_Internship/bridge_top.v          ;         ;
+----------------------------------+-----------------+------------------------+-------------------------------------------------------------------------------------+---------+


+----------------------------------------------------------+
; Analysis & Synthesis Resource Usage Summary              ;
+---------------------------------------------+------------+
; Resource                                    ; Usage      ;
+---------------------------------------------+------------+
; Estimate of Logic utilization (ALMs needed) ; 72         ;
;                                             ;            ;
; Combinational ALUT usage for logic          ; 115        ;
;     -- 7 input functions                    ; 0          ;
;     -- 6 input functions                    ; 5          ;
;     -- 5 input functions                    ; 36         ;
;     -- 4 input functions                    ; 3          ;
;     -- <=3 input functions                  ; 71         ;
;                                             ;            ;
; Dedicated logic registers                   ; 108        ;
;                                             ;            ;
; I/O pins                                    ; 206        ;
;                                             ;            ;
; Total DSP Blocks                            ; 0          ;
;                                             ;            ;
; Maximum fan-out node                        ; hclk~input ;
; Maximum fan-out                             ; 108        ;
; Total fan-out                               ; 1056       ;
; Average fan-out                             ; 1.66       ;
+---------------------------------------------+------------+


+----------------------------------------------------------------------------------------------------------------------------------------------------------------------------------------------------------------+
; Analysis & Synthesis Resource Utilization by Entity                                                                                                                                                            ;
+-----------------------------+---------------------+---------------------------+-------------------+------------+------+--------------+------------------------------------+---------------------+--------------+
; Compilation Hierarchy Node  ; Combinational ALUTs ; Dedicated Logic Registers ; Block Memory Bits ; DSP Blocks ; Pins ; Virtual Pins ; Full Hierarchy Name                ; Entity Name         ; Library Name ;
+-----------------------------+---------------------+---------------------------+-------------------+------------+------+--------------+------------------------------------+---------------------+--------------+
; |bridge_top                 ; 115 (0)             ; 108 (0)                   ; 0                 ; 0          ; 206  ; 0            ; |bridge_top                        ; bridge_top          ; work         ;
;    |AHB_SLAVE_INTERFACE:A1| ; 3 (3)               ; 33 (33)                   ; 0                 ; 0          ; 0    ; 0            ; |bridge_top|AHB_SLAVE_INTERFACE:A1 ; AHB_SLAVE_INTERFACE ; work         ;
;    |APB_CONTROLLER:A2|      ; 112 (112)           ; 75 (75)                   ; 0                 ; 0          ; 0    ; 0            ; |bridge_top|APB_CONTROLLER:A2      ; APB_CONTROLLER      ; work         ;
+-----------------------------+---------------------+---------------------------+-------------------+------------+------+--------------+------------------------------------+---------------------+--------------+
Note: For table entries with two numbers listed, the numbers in parentheses indicate the number of resources of the given type used by the specific entity alone. The numbers listed outside of parentheses indicate the total resources of the given type used by the specific entity and all of its sub-entities in the hierarchy.


Encoding Type:  One-Hot
+--------------------------------------------------------------------------------------------------------------------------------------------------------+
; State Machine - |bridge_top|APB_CONTROLLER:A2|present                                                                                                  ;
+------------------+------------------+----------------+-----------------+---------------+---------------+-----------------+--------------+--------------+
; Name             ; present.wenablep ; present.writep ; present.wenable ; present.write ; present.wwait ; present.renable ; present.read ; present.idle ;
+------------------+------------------+----------------+-----------------+---------------+---------------+-----------------+--------------+--------------+
; present.idle     ; 0                ; 0              ; 0               ; 0             ; 0             ; 0               ; 0            ; 0            ;
; present.read     ; 0                ; 0              ; 0               ; 0             ; 0             ; 0               ; 1            ; 1            ;
; present.renable  ; 0                ; 0              ; 0               ; 0             ; 0             ; 1               ; 0            ; 1            ;
; present.wwait    ; 0                ; 0              ; 0               ; 0             ; 1             ; 0               ; 0            ; 1            ;
; present.write    ; 0                ; 0              ; 0               ; 1             ; 0             ; 0               ; 0            ; 1            ;
; present.wenable  ; 0                ; 0              ; 1               ; 0             ; 0             ; 0               ; 0            ; 1            ;
; present.writep   ; 0                ; 1              ; 0               ; 0             ; 0             ; 0               ; 0            ; 1            ;
; present.wenablep ; 1                ; 0              ; 0               ; 0             ; 0             ; 0               ; 0            ; 1            ;
+------------------+------------------+----------------+-----------------+---------------+---------------+-----------------+--------------+--------------+


+-------------------------------------------------------------------------------------------------------------------+
; User-Specified and Inferred Latches                                                                               ;
+-----------------------------------------------------+------------------------------------+------------------------+
; Latch Name                                          ; Latch Enable Signal                ; Free of Timing Hazards ;
+-----------------------------------------------------+------------------------------------+------------------------+
; APB_CONTROLLER:A2|pwrite_temp                       ; APB_CONTROLLER:A2|Selector44       ; yes                    ;
; APB_CONTROLLER:A2|paddr_temp[0]                     ; APB_CONTROLLER:A2|Selector44       ; yes                    ;
; APB_CONTROLLER:A2|paddr_temp[1]                     ; APB_CONTROLLER:A2|Selector44       ; yes                    ;
; APB_CONTROLLER:A2|paddr_temp[2]                     ; APB_CONTROLLER:A2|Selector44       ; yes                    ;
; APB_CONTROLLER:A2|paddr_temp[3]                     ; APB_CONTROLLER:A2|Selector44       ; yes                    ;
; APB_CONTROLLER:A2|paddr_temp[4]                     ; APB_CONTROLLER:A2|Selector44       ; yes                    ;
; APB_CONTROLLER:A2|paddr_temp[5]                     ; APB_CONTROLLER:A2|Selector44       ; yes                    ;
; APB_CONTROLLER:A2|paddr_temp[6]                     ; APB_CONTROLLER:A2|Selector44       ; yes                    ;
; APB_CONTROLLER:A2|paddr_temp[7]                     ; APB_CONTROLLER:A2|Selector44       ; yes                    ;
; APB_CONTROLLER:A2|paddr_temp[8]                     ; APB_CONTROLLER:A2|Selector44       ; yes                    ;
; APB_CONTROLLER:A2|paddr_temp[9]                     ; APB_CONTROLLER:A2|Selector44       ; yes                    ;
; APB_CONTROLLER:A2|paddr_temp[10]                    ; APB_CONTROLLER:A2|Selector44       ; yes                    ;
; APB_CONTROLLER:A2|paddr_temp[11]                    ; APB_CONTROLLER:A2|Selector44       ; yes                    ;
; APB_CONTROLLER:A2|paddr_temp[12]                    ; APB_CONTROLLER:A2|Selector44       ; yes                    ;
; APB_CONTROLLER:A2|paddr_temp[13]                    ; APB_CONTROLLER:A2|Selector44       ; yes                    ;
; APB_CONTROLLER:A2|paddr_temp[14]                    ; APB_CONTROLLER:A2|Selector44       ; yes                    ;
; APB_CONTROLLER:A2|paddr_temp[15]                    ; APB_CONTROLLER:A2|Selector44       ; yes                    ;
; APB_CONTROLLER:A2|paddr_temp[16]                    ; APB_CONTROLLER:A2|Selector44       ; yes                    ;
; APB_CONTROLLER:A2|paddr_temp[17]                    ; APB_CONTROLLER:A2|Selector44       ; yes                    ;
; APB_CONTROLLER:A2|paddr_temp[18]                    ; APB_CONTROLLER:A2|Selector44       ; yes                    ;
; APB_CONTROLLER:A2|paddr_temp[19]                    ; APB_CONTROLLER:A2|Selector44       ; yes                    ;
; APB_CONTROLLER:A2|paddr_temp[20]                    ; APB_CONTROLLER:A2|Selector44       ; yes                    ;
; APB_CONTROLLER:A2|paddr_temp[21]                    ; APB_CONTROLLER:A2|Selector44       ; yes                    ;
; APB_CONTROLLER:A2|paddr_temp[22]                    ; APB_CONTROLLER:A2|Selector44       ; yes                    ;
; APB_CONTROLLER:A2|paddr_temp[23]                    ; APB_CONTROLLER:A2|Selector44       ; yes                    ;
; APB_CONTROLLER:A2|paddr_temp[24]                    ; APB_CONTROLLER:A2|Selector44       ; yes                    ;
; APB_CONTROLLER:A2|paddr_temp[25]                    ; APB_CONTROLLER:A2|Selector44       ; yes                    ;
; APB_CONTROLLER:A2|paddr_temp[26]                    ; APB_CONTROLLER:A2|Selector44       ; yes                    ;
; APB_CONTROLLER:A2|paddr_temp[27]                    ; APB_CONTROLLER:A2|Selector44       ; yes                    ;
; APB_CONTROLLER:A2|paddr_temp[28]                    ; APB_CONTROLLER:A2|Selector44       ; yes                    ;
; APB_CONTROLLER:A2|paddr_temp[29]                    ; APB_CONTROLLER:A2|Selector44       ; yes                    ;
; APB_CONTROLLER:A2|paddr_temp[30]                    ; APB_CONTROLLER:A2|Selector44       ; yes                    ;
; APB_CONTROLLER:A2|paddr_temp[31]                    ; APB_CONTROLLER:A2|Selector44       ; yes                    ;
; APB_CONTROLLER:A2|pwdata_temp[0]                    ; APB_CONTROLLER:A2|hr_readyout_temp ; yes                    ;
; APB_CONTROLLER:A2|pwdata_temp[1]                    ; APB_CONTROLLER:A2|hr_readyout_temp ; yes                    ;
; APB_CONTROLLER:A2|pwdata_temp[2]                    ; APB_CONTROLLER:A2|hr_readyout_temp ; yes                    ;
; APB_CONTROLLER:A2|pwdata_temp[3]                    ; APB_CONTROLLER:A2|hr_readyout_temp ; yes                    ;
; APB_CONTROLLER:A2|pwdata_temp[4]                    ; APB_CONTROLLER:A2|hr_readyout_temp ; yes                    ;
; APB_CONTROLLER:A2|pwdata_temp[5]                    ; APB_CONTROLLER:A2|hr_readyout_temp ; yes                    ;
; APB_CONTROLLER:A2|pwdata_temp[6]                    ; APB_CONTROLLER:A2|hr_readyout_temp ; yes                    ;
; APB_CONTROLLER:A2|pwdata_temp[7]                    ; APB_CONTROLLER:A2|hr_readyout_temp ; yes                    ;
; APB_CONTROLLER:A2|pwdata_temp[8]                    ; APB_CONTROLLER:A2|hr_readyout_temp ; yes                    ;
; APB_CONTROLLER:A2|pwdata_temp[9]                    ; APB_CONTROLLER:A2|hr_readyout_temp ; yes                    ;
; APB_CONTROLLER:A2|pwdata_temp[10]                   ; APB_CONTROLLER:A2|hr_readyout_temp ; yes                    ;
; APB_CONTROLLER:A2|pwdata_temp[11]                   ; APB_CONTROLLER:A2|hr_readyout_temp ; yes                    ;
; APB_CONTROLLER:A2|pwdata_temp[12]                   ; APB_CONTROLLER:A2|hr_readyout_temp ; yes                    ;
; APB_CONTROLLER:A2|pwdata_temp[13]                   ; APB_CONTROLLER:A2|hr_readyout_temp ; yes                    ;
; APB_CONTROLLER:A2|pwdata_temp[14]                   ; APB_CONTROLLER:A2|hr_readyout_temp ; yes                    ;
; APB_CONTROLLER:A2|pwdata_temp[15]                   ; APB_CONTROLLER:A2|hr_readyout_temp ; yes                    ;
; APB_CONTROLLER:A2|pwdata_temp[16]                   ; APB_CONTROLLER:A2|hr_readyout_temp ; yes                    ;
; APB_CONTROLLER:A2|pwdata_temp[17]                   ; APB_CONTROLLER:A2|hr_readyout_temp ; yes                    ;
; APB_CONTROLLER:A2|pwdata_temp[18]                   ; APB_CONTROLLER:A2|hr_readyout_temp ; yes                    ;
; APB_CONTROLLER:A2|pwdata_temp[19]                   ; APB_CONTROLLER:A2|hr_readyout_temp ; yes                    ;
; APB_CONTROLLER:A2|pwdata_temp[20]                   ; APB_CONTROLLER:A2|hr_readyout_temp ; yes                    ;
; APB_CONTROLLER:A2|pwdata_temp[21]                   ; APB_CONTROLLER:A2|hr_readyout_temp ; yes                    ;
; APB_CONTROLLER:A2|pwdata_temp[22]                   ; APB_CONTROLLER:A2|hr_readyout_temp ; yes                    ;
; APB_CONTROLLER:A2|pwdata_temp[23]                   ; APB_CONTROLLER:A2|hr_readyout_temp ; yes                    ;
; APB_CONTROLLER:A2|pwdata_temp[24]                   ; APB_CONTROLLER:A2|hr_readyout_temp ; yes                    ;
; APB_CONTROLLER:A2|pwdata_temp[25]                   ; APB_CONTROLLER:A2|hr_readyout_temp ; yes                    ;
; APB_CONTROLLER:A2|pwdata_temp[26]                   ; APB_CONTROLLER:A2|hr_readyout_temp ; yes                    ;
; APB_CONTROLLER:A2|pwdata_temp[27]                   ; APB_CONTROLLER:A2|hr_readyout_temp ; yes                    ;
; APB_CONTROLLER:A2|pwdata_temp[28]                   ; APB_CONTROLLER:A2|hr_readyout_temp ; yes                    ;
; APB_CONTROLLER:A2|pwdata_temp[29]                   ; APB_CONTROLLER:A2|hr_readyout_temp ; yes                    ;
; APB_CONTROLLER:A2|pwdata_temp[30]                   ; APB_CONTROLLER:A2|hr_readyout_temp ; yes                    ;
; APB_CONTROLLER:A2|pwdata_temp[31]                   ; APB_CONTROLLER:A2|hr_readyout_temp ; yes                    ;
; Number of user-specified and inferred latches = 65  ;                                    ;                        ;
+-----------------------------------------------------+------------------------------------+------------------------+
Note: All latches listed above may not be present at the end of synthesis due to various synthesis optimizations.


+--------------------------------------------------------------------------------+
; Registers Removed During Synthesis                                             ;
+---------------------------------------+----------------------------------------+
; Register name                         ; Reason for Removal                     ;
+---------------------------------------+----------------------------------------+
; APB_CONTROLLER:A2|psel[0..2]          ; Stuck at GND due to stuck port data_in ;
; APB_CONTROLLER:A2|present~2           ; Lost fanout                            ;
; APB_CONTROLLER:A2|present~3           ; Lost fanout                            ;
; APB_CONTROLLER:A2|present~4           ; Lost fanout                            ;
; Total Number of Removed Registers = 6 ;                                        ;
+---------------------------------------+----------------------------------------+


+------------------------------------------------------+
; General Register Statistics                          ;
+----------------------------------------------+-------+
; Statistic                                    ; Value ;
+----------------------------------------------+-------+
; Total registers                              ; 108   ;
; Number of registers using Synchronous Clear  ; 102   ;
; Number of registers using Synchronous Load   ; 1     ;
; Number of registers using Asynchronous Clear ; 0     ;
; Number of registers using Asynchronous Load  ; 0     ;
; Number of registers using Clock Enable       ; 0     ;
; Number of registers using Preset             ; 0     ;
+----------------------------------------------+-------+


+-------------------------------------------------------------------------------------------------------------------------------------------------------+
; Multiplexer Restructuring Statistics (Restructuring Performed)                                                                                        ;
+--------------------+-----------+---------------+----------------------+------------------------+------------+-----------------------------------------+
; Multiplexer Inputs ; Bus Width ; Baseline Area ; Area if Restructured ; Saving if Restructured ; Registered ; Example Multiplexer Output              ;
+--------------------+-----------+---------------+----------------------+------------------------+------------+-----------------------------------------+
; 4:1                ; 32 bits   ; 64 LEs        ; 32 LEs               ; 32 LEs                 ; No         ; |bridge_top|APB_CONTROLLER:A2|Selector6 ;
+--------------------+-----------+---------------+----------------------+------------------------+------------+-----------------------------------------+


+----------------------------------------------------------------+
; Parameter Settings for User Entity Instance: APB_CONTROLLER:A2 ;
+----------------+-------+---------------------------------------+
; Parameter Name ; Value ; Type                                  ;
+----------------+-------+---------------------------------------+
; idle           ; 000   ; Unsigned Binary                       ;
; read           ; 001   ; Unsigned Binary                       ;
; renable        ; 010   ; Unsigned Binary                       ;
; wwait          ; 011   ; Unsigned Binary                       ;
; write          ; 100   ; Unsigned Binary                       ;
; wenable        ; 101   ; Unsigned Binary                       ;
; writep         ; 110   ; Unsigned Binary                       ;
; wenablep       ; 111   ; Unsigned Binary                       ;
+----------------+-------+---------------------------------------+
Note: In order to hide this table in the UI and the text report file, please set the "Show Parameter Settings in Synthesis Report" option in "Analysis and Synthesis Settings -> More Settings" to "Off".


+--------------------------------------------------------------------------------------------------------------------------------------------------------------------------------+
; Port Connectivity Checks: "APB_CONTROLLER:A2"                                                                                                                                  ;
+----------+-------+----------+--------------------------------------------------------------------------------------------------------------------------------------------------+
; Port     ; Type  ; Severity ; Details                                                                                                                                          ;
+----------+-------+----------+--------------------------------------------------------------------------------------------------------------------------------------------------+
; haddr2   ; Input ; Warning  ; Input port expression (1 bits) is smaller than the input port (32 bits) it drives.  Extra input bit(s) "haddr2[31..1]" will be connected to GND. ;
; tempselx ; Input ; Warning  ; Input port expression (1 bits) is smaller than the input port (3 bits) it drives.  Extra input bit(s) "tempselx[2..1]" will be connected to GND. ;
+----------+-------+----------+--------------------------------------------------------------------------------------------------------------------------------------------------+


+----------------------------------------------------------------------------------------------------------------------------------------------------------------+
; Port Connectivity Checks: "AHB_SLAVE_INTERFACE:A1"                                                                                                             ;
+-------------+--------+----------+------------------------------------------------------------------------------------------------------------------------------+
; Port        ; Type   ; Severity ; Details                                                                                                                      ;
+-------------+--------+----------+------------------------------------------------------------------------------------------------------------------------------+
; haddr2      ; Output ; Warning  ; Output or bidir port (32 bits) is wider than the port expression (1 bits) it drives; bit(s) "haddr2[31..1]" have no fanouts  ;
; hwrite_reg1 ; Output ; Info     ; Connected to dangling logic. Logic that only feeds a dangling port will be removed.                                          ;
; temp_selx   ; Output ; Warning  ; Output or bidir port (3 bits) is wider than the port expression (1 bits) it drives; bit(s) "temp_selx[2..1]" have no fanouts ;
; temp_selx   ; Output ; Info     ; Connected to dangling logic. Logic that only feeds a dangling port will be removed.                                          ;
+-------------+--------+----------+------------------------------------------------------------------------------------------------------------------------------+


+-----------------------------------------------------+
; Post-Synthesis Netlist Statistics for Top Partition ;
+-----------------------+-----------------------------+
; Type                  ; Count                       ;
+-----------------------+-----------------------------+
; arriav_ff             ; 108                         ;
;     SCLR              ; 102                         ;
;     SLD               ; 1                           ;
;     plain             ; 5                           ;
; arriav_lcell_comb     ; 116                         ;
;     normal            ; 116                         ;
;         0 data inputs ; 1                           ;
;         2 data inputs ; 3                           ;
;         3 data inputs ; 68                          ;
;         4 data inputs ; 3                           ;
;         5 data inputs ; 36                          ;
;         6 data inputs ; 5                           ;
; boundary_port         ; 206                         ;
;                       ;                             ;
; Max LUT depth         ; 4.00                        ;
; Average LUT depth     ; 1.47                        ;
+-----------------------+-----------------------------+


+-------------------------------+
; Elapsed Time Per Partition    ;
+----------------+--------------+
; Partition Name ; Elapsed Time ;
+----------------+--------------+
; Top            ; 00:00:01     ;
+----------------+--------------+


+-------------------------------+
; Analysis & Synthesis Messages ;
+-------------------------------+
Info: *******************************************************************
Info: Running Quartus Prime Analysis & Synthesis
    Info: Version 17.1.0 Build 590 10/25/2017 SJ Lite Edition
    Info: Processing started: Sat Jun 24 22:02:06 2023
Info: Command: quartus_map --read_settings_files=on --write_settings_files=off bridge_top -c bridge_top
Warning (18236): Number of processors has not been specified which may cause overloading on shared machines.  Set the global assignment NUM_PARALLEL_PROCESSORS in your QSF to an appropriate value for best performance.
Info (20030): Parallel compilation is enabled and will use 2 of the 2 processors detected
Info (12021): Found 1 design units, including 1 entities, in source file apb_controller.v
    Info (12023): Found entity 1: APB_CONTROLLER File: C:/Users/HP/OneDrive/Desktop/Projects/MavenSilicon_Internship/APB_CONTROLLER.v Line: 1
Info (12021): Found 1 design units, including 1 entities, in source file ahb_slave_interface.v
    Info (12023): Found entity 1: AHB_SLAVE_INTERFACE File: C:/Users/HP/OneDrive/Desktop/Projects/MavenSilicon_Internship/AHB_SLAVE_INTERFACE.v Line: 1
Info (12021): Found 1 design units, including 1 entities, in source file bridge_top.v
    Info (12023): Found entity 1: bridge_top File: C:/Users/HP/OneDrive/Desktop/Projects/MavenSilicon_Internship/bridge_top.v Line: 1
Warning (10236): Verilog HDL Implicit Net warning at bridge_top.v(12): created implicit net for "haddr2" File: C:/Users/HP/OneDrive/Desktop/Projects/MavenSilicon_Internship/bridge_top.v Line: 12
Warning (10236): Verilog HDL Implicit Net warning at bridge_top.v(13): created implicit net for "temp_selx" File: C:/Users/HP/OneDrive/Desktop/Projects/MavenSilicon_Internship/bridge_top.v Line: 13
Warning (10236): Verilog HDL Implicit Net warning at bridge_top.v(16): created implicit net for "tempselx" File: C:/Users/HP/OneDrive/Desktop/Projects/MavenSilicon_Internship/bridge_top.v Line: 16
Info (12127): Elaborating entity "bridge_top" for the top level hierarchy
Warning (10034): Output port "hresp" at bridge_top.v(4) has no driver File: C:/Users/HP/OneDrive/Desktop/Projects/MavenSilicon_Internship/bridge_top.v Line: 4
Info (12128): Elaborating entity "AHB_SLAVE_INTERFACE" for hierarchy "AHB_SLAVE_INTERFACE:A1" File: C:/Users/HP/OneDrive/Desktop/Projects/MavenSilicon_Internship/bridge_top.v Line: 13
Info (12128): Elaborating entity "APB_CONTROLLER" for hierarchy "APB_CONTROLLER:A2" File: C:/Users/HP/OneDrive/Desktop/Projects/MavenSilicon_Internship/bridge_top.v Line: 17
Warning (10240): Verilog HDL Always Construct warning at APB_CONTROLLER.v(93): inferring latch(es) for variable "paddr_temp", which holds its previous value in one or more paths through the always construct File: C:/Users/HP/OneDrive/Desktop/Projects/MavenSilicon_Internship/APB_CONTROLLER.v Line: 93
Warning (10240): Verilog HDL Always Construct warning at APB_CONTROLLER.v(93): inferring latch(es) for variable "pwrite_temp", which holds its previous value in one or more paths through the always construct File: C:/Users/HP/OneDrive/Desktop/Projects/MavenSilicon_Internship/APB_CONTROLLER.v Line: 93
Warning (10240): Verilog HDL Always Construct warning at APB_CONTROLLER.v(93): inferring latch(es) for variable "psel_temp", which holds its previous value in one or more paths through the always construct File: C:/Users/HP/OneDrive/Desktop/Projects/MavenSilicon_Internship/APB_CONTROLLER.v Line: 93
Warning (10240): Verilog HDL Always Construct warning at APB_CONTROLLER.v(93): inferring latch(es) for variable "pwdata_temp", which holds its previous value in one or more paths through the always construct File: C:/Users/HP/OneDrive/Desktop/Projects/MavenSilicon_Internship/APB_CONTROLLER.v Line: 93
Info (10041): Inferred latch for "pwdata_temp[0]" at APB_CONTROLLER.v(93) File: C:/Users/HP/OneDrive/Desktop/Projects/MavenSilicon_Internship/APB_CONTROLLER.v Line: 93
Info (10041): Inferred latch for "pwdata_temp[1]" at APB_CONTROLLER.v(93) File: C:/Users/HP/OneDrive/Desktop/Projects/MavenSilicon_Internship/APB_CONTROLLER.v Line: 93
Info (10041): Inferred latch for "pwdata_temp[2]" at APB_CONTROLLER.v(93) File: C:/Users/HP/OneDrive/Desktop/Projects/MavenSilicon_Internship/APB_CONTROLLER.v Line: 93
Info (10041): Inferred latch for "pwdata_temp[3]" at APB_CONTROLLER.v(93) File: C:/Users/HP/OneDrive/Desktop/Projects/MavenSilicon_Internship/APB_CONTROLLER.v Line: 93
Info (10041): Inferred latch for "pwdata_temp[4]" at APB_CONTROLLER.v(93) File: C:/Users/HP/OneDrive/Desktop/Projects/MavenSilicon_Internship/APB_CONTROLLER.v Line: 93
Info (10041): Inferred latch for "pwdata_temp[5]" at APB_CONTROLLER.v(93) File: C:/Users/HP/OneDrive/Desktop/Projects/MavenSilicon_Internship/APB_CONTROLLER.v Line: 93
Info (10041): Inferred latch for "pwdata_temp[6]" at APB_CONTROLLER.v(93) File: C:/Users/HP/OneDrive/Desktop/Projects/MavenSilicon_Internship/APB_CONTROLLER.v Line: 93
Info (10041): Inferred latch for "pwdata_temp[7]" at APB_CONTROLLER.v(93) File: C:/Users/HP/OneDrive/Desktop/Projects/MavenSilicon_Internship/APB_CONTROLLER.v Line: 93
Info (10041): Inferred latch for "pwdata_temp[8]" at APB_CONTROLLER.v(93) File: C:/Users/HP/OneDrive/Desktop/Projects/MavenSilicon_Internship/APB_CONTROLLER.v Line: 93
Info (10041): Inferred latch for "pwdata_temp[9]" at APB_CONTROLLER.v(93) File: C:/Users/HP/OneDrive/Desktop/Projects/MavenSilicon_Internship/APB_CONTROLLER.v Line: 93
Info (10041): Inferred latch for "pwdata_temp[10]" at APB_CONTROLLER.v(93) File: C:/Users/HP/OneDrive/Desktop/Projects/MavenSilicon_Internship/APB_CONTROLLER.v Line: 93
Info (10041): Inferred latch for "pwdata_temp[11]" at APB_CONTROLLER.v(93) File: C:/Users/HP/OneDrive/Desktop/Projects/MavenSilicon_Internship/APB_CONTROLLER.v Line: 93
Info (10041): Inferred latch for "pwdata_temp[12]" at APB_CONTROLLER.v(93) File: C:/Users/HP/OneDrive/Desktop/Projects/MavenSilicon_Internship/APB_CONTROLLER.v Line: 93
Info (10041): Inferred latch for "pwdata_temp[13]" at APB_CONTROLLER.v(93) File: C:/Users/HP/OneDrive/Desktop/Projects/MavenSilicon_Internship/APB_CONTROLLER.v Line: 93
Info (10041): Inferred latch for "pwdata_temp[14]" at APB_CONTROLLER.v(93) File: C:/Users/HP/OneDrive/Desktop/Projects/MavenSilicon_Internship/APB_CONTROLLER.v Line: 93
Info (10041): Inferred latch for "pwdata_temp[15]" at APB_CONTROLLER.v(93) File: C:/Users/HP/OneDrive/Desktop/Projects/MavenSilicon_Internship/APB_CONTROLLER.v Line: 93
Info (10041): Inferred latch for "pwdata_temp[16]" at APB_CONTROLLER.v(93) File: C:/Users/HP/OneDrive/Desktop/Projects/MavenSilicon_Internship/APB_CONTROLLER.v Line: 93
Info (10041): Inferred latch for "pwdata_temp[17]" at APB_CONTROLLER.v(93) File: C:/Users/HP/OneDrive/Desktop/Projects/MavenSilicon_Internship/APB_CONTROLLER.v Line: 93
Info (10041): Inferred latch for "pwdata_temp[18]" at APB_CONTROLLER.v(93) File: C:/Users/HP/OneDrive/Desktop/Projects/MavenSilicon_Internship/APB_CONTROLLER.v Line: 93
Info (10041): Inferred latch for "pwdata_temp[19]" at APB_CONTROLLER.v(93) File: C:/Users/HP/OneDrive/Desktop/Projects/MavenSilicon_Internship/APB_CONTROLLER.v Line: 93
Info (10041): Inferred latch for "pwdata_temp[20]" at APB_CONTROLLER.v(93) File: C:/Users/HP/OneDrive/Desktop/Projects/MavenSilicon_Internship/APB_CONTROLLER.v Line: 93
Info (10041): Inferred latch for "pwdata_temp[21]" at APB_CONTROLLER.v(93) File: C:/Users/HP/OneDrive/Desktop/Projects/MavenSilicon_Internship/APB_CONTROLLER.v Line: 93
Info (10041): Inferred latch for "pwdata_temp[22]" at APB_CONTROLLER.v(93) File: C:/Users/HP/OneDrive/Desktop/Projects/MavenSilicon_Internship/APB_CONTROLLER.v Line: 93
Info (10041): Inferred latch for "pwdata_temp[23]" at APB_CONTROLLER.v(93) File: C:/Users/HP/OneDrive/Desktop/Projects/MavenSilicon_Internship/APB_CONTROLLER.v Line: 93
Info (10041): Inferred latch for "pwdata_temp[24]" at APB_CONTROLLER.v(93) File: C:/Users/HP/OneDrive/Desktop/Projects/MavenSilicon_Internship/APB_CONTROLLER.v Line: 93
Info (10041): Inferred latch for "pwdata_temp[25]" at APB_CONTROLLER.v(93) File: C:/Users/HP/OneDrive/Desktop/Projects/MavenSilicon_Internship/APB_CONTROLLER.v Line: 93
Info (10041): Inferred latch for "pwdata_temp[26]" at APB_CONTROLLER.v(93) File: C:/Users/HP/OneDrive/Desktop/Projects/MavenSilicon_Internship/APB_CONTROLLER.v Line: 93
Info (10041): Inferred latch for "pwdata_temp[27]" at APB_CONTROLLER.v(93) File: C:/Users/HP/OneDrive/Desktop/Projects/MavenSilicon_Internship/APB_CONTROLLER.v Line: 93
Info (10041): Inferred latch for "pwdata_temp[28]" at APB_CONTROLLER.v(93) File: C:/Users/HP/OneDrive/Desktop/Projects/MavenSilicon_Internship/APB_CONTROLLER.v Line: 93
Info (10041): Inferred latch for "pwdata_temp[29]" at APB_CONTROLLER.v(93) File: C:/Users/HP/OneDrive/Desktop/Projects/MavenSilicon_Internship/APB_CONTROLLER.v Line: 93
Info (10041): Inferred latch for "pwdata_temp[30]" at APB_CONTROLLER.v(93) File: C:/Users/HP/OneDrive/Desktop/Projects/MavenSilicon_Internship/APB_CONTROLLER.v Line: 93
Info (10041): Inferred latch for "pwdata_temp[31]" at APB_CONTROLLER.v(93) File: C:/Users/HP/OneDrive/Desktop/Projects/MavenSilicon_Internship/APB_CONTROLLER.v Line: 93
Info (10041): Inferred latch for "psel_temp[0]" at APB_CONTROLLER.v(93) File: C:/Users/HP/OneDrive/Desktop/Projects/MavenSilicon_Internship/APB_CONTROLLER.v Line: 93
Info (10041): Inferred latch for "psel_temp[1]" at APB_CONTROLLER.v(93) File: C:/Users/HP/OneDrive/Desktop/Projects/MavenSilicon_Internship/APB_CONTROLLER.v Line: 93
Info (10041): Inferred latch for "psel_temp[2]" at APB_CONTROLLER.v(93) File: C:/Users/HP/OneDrive/Desktop/Projects/MavenSilicon_Internship/APB_CONTROLLER.v Line: 93
Info (10041): Inferred latch for "pwrite_temp" at APB_CONTROLLER.v(93) File: C:/Users/HP/OneDrive/Desktop/Projects/MavenSilicon_Internship/APB_CONTROLLER.v Line: 93
Info (10041): Inferred latch for "paddr_temp[0]" at APB_CONTROLLER.v(93) File: C:/Users/HP/OneDrive/Desktop/Projects/MavenSilicon_Internship/APB_CONTROLLER.v Line: 93
Info (10041): Inferred latch for "paddr_temp[1]" at APB_CONTROLLER.v(93) File: C:/Users/HP/OneDrive/Desktop/Projects/MavenSilicon_Internship/APB_CONTROLLER.v Line: 93
Info (10041): Inferred latch for "paddr_temp[2]" at APB_CONTROLLER.v(93) File: C:/Users/HP/OneDrive/Desktop/Projects/MavenSilicon_Internship/APB_CONTROLLER.v Line: 93
Info (10041): Inferred latch for "paddr_temp[3]" at APB_CONTROLLER.v(93) File: C:/Users/HP/OneDrive/Desktop/Projects/MavenSilicon_Internship/APB_CONTROLLER.v Line: 93
Info (10041): Inferred latch for "paddr_temp[4]" at APB_CONTROLLER.v(93) File: C:/Users/HP/OneDrive/Desktop/Projects/MavenSilicon_Internship/APB_CONTROLLER.v Line: 93
Info (10041): Inferred latch for "paddr_temp[5]" at APB_CONTROLLER.v(93) File: C:/Users/HP/OneDrive/Desktop/Projects/MavenSilicon_Internship/APB_CONTROLLER.v Line: 93
Info (10041): Inferred latch for "paddr_temp[6]" at APB_CONTROLLER.v(93) File: C:/Users/HP/OneDrive/Desktop/Projects/MavenSilicon_Internship/APB_CONTROLLER.v Line: 93
Info (10041): Inferred latch for "paddr_temp[7]" at APB_CONTROLLER.v(93) File: C:/Users/HP/OneDrive/Desktop/Projects/MavenSilicon_Internship/APB_CONTROLLER.v Line: 93
Info (10041): Inferred latch for "paddr_temp[8]" at APB_CONTROLLER.v(93) File: C:/Users/HP/OneDrive/Desktop/Projects/MavenSilicon_Internship/APB_CONTROLLER.v Line: 93
Info (10041): Inferred latch for "paddr_temp[9]" at APB_CONTROLLER.v(93) File: C:/Users/HP/OneDrive/Desktop/Projects/MavenSilicon_Internship/APB_CONTROLLER.v Line: 93
Info (10041): Inferred latch for "paddr_temp[10]" at APB_CONTROLLER.v(93) File: C:/Users/HP/OneDrive/Desktop/Projects/MavenSilicon_Internship/APB_CONTROLLER.v Line: 93
Info (10041): Inferred latch for "paddr_temp[11]" at APB_CONTROLLER.v(93) File: C:/Users/HP/OneDrive/Desktop/Projects/MavenSilicon_Internship/APB_CONTROLLER.v Line: 93
Info (10041): Inferred latch for "paddr_temp[12]" at APB_CONTROLLER.v(93) File: C:/Users/HP/OneDrive/Desktop/Projects/MavenSilicon_Internship/APB_CONTROLLER.v Line: 93
Info (10041): Inferred latch for "paddr_temp[13]" at APB_CONTROLLER.v(93) File: C:/Users/HP/OneDrive/Desktop/Projects/MavenSilicon_Internship/APB_CONTROLLER.v Line: 93
Info (10041): Inferred latch for "paddr_temp[14]" at APB_CONTROLLER.v(93) File: C:/Users/HP/OneDrive/Desktop/Projects/MavenSilicon_Internship/APB_CONTROLLER.v Line: 93
Info (10041): Inferred latch for "paddr_temp[15]" at APB_CONTROLLER.v(93) File: C:/Users/HP/OneDrive/Desktop/Projects/MavenSilicon_Internship/APB_CONTROLLER.v Line: 93
Info (10041): Inferred latch for "paddr_temp[16]" at APB_CONTROLLER.v(93) File: C:/Users/HP/OneDrive/Desktop/Projects/MavenSilicon_Internship/APB_CONTROLLER.v Line: 93
Info (10041): Inferred latch for "paddr_temp[17]" at APB_CONTROLLER.v(93) File: C:/Users/HP/OneDrive/Desktop/Projects/MavenSilicon_Internship/APB_CONTROLLER.v Line: 93
Info (10041): Inferred latch for "paddr_temp[18]" at APB_CONTROLLER.v(93) File: C:/Users/HP/OneDrive/Desktop/Projects/MavenSilicon_Internship/APB_CONTROLLER.v Line: 93
Info (10041): Inferred latch for "paddr_temp[19]" at APB_CONTROLLER.v(93) File: C:/Users/HP/OneDrive/Desktop/Projects/MavenSilicon_Internship/APB_CONTROLLER.v Line: 93
Info (10041): Inferred latch for "paddr_temp[20]" at APB_CONTROLLER.v(93) File: C:/Users/HP/OneDrive/Desktop/Projects/MavenSilicon_Internship/APB_CONTROLLER.v Line: 93
Info (10041): Inferred latch for "paddr_temp[21]" at APB_CONTROLLER.v(93) File: C:/Users/HP/OneDrive/Desktop/Projects/MavenSilicon_Internship/APB_CONTROLLER.v Line: 93
Info (10041): Inferred latch for "paddr_temp[22]" at APB_CONTROLLER.v(93) File: C:/Users/HP/OneDrive/Desktop/Projects/MavenSilicon_Internship/APB_CONTROLLER.v Line: 93
Info (10041): Inferred latch for "paddr_temp[23]" at APB_CONTROLLER.v(93) File: C:/Users/HP/OneDrive/Desktop/Projects/MavenSilicon_Internship/APB_CONTROLLER.v Line: 93
Info (10041): Inferred latch for "paddr_temp[24]" at APB_CONTROLLER.v(93) File: C:/Users/HP/OneDrive/Desktop/Projects/MavenSilicon_Internship/APB_CONTROLLER.v Line: 93
Info (10041): Inferred latch for "paddr_temp[25]" at APB_CONTROLLER.v(93) File: C:/Users/HP/OneDrive/Desktop/Projects/MavenSilicon_Internship/APB_CONTROLLER.v Line: 93
Info (10041): Inferred latch for "paddr_temp[26]" at APB_CONTROLLER.v(93) File: C:/Users/HP/OneDrive/Desktop/Projects/MavenSilicon_Internship/APB_CONTROLLER.v Line: 93
Info (10041): Inferred latch for "paddr_temp[27]" at APB_CONTROLLER.v(93) File: C:/Users/HP/OneDrive/Desktop/Projects/MavenSilicon_Internship/APB_CONTROLLER.v Line: 93
Info (10041): Inferred latch for "paddr_temp[28]" at APB_CONTROLLER.v(93) File: C:/Users/HP/OneDrive/Desktop/Projects/MavenSilicon_Internship/APB_CONTROLLER.v Line: 93
Info (10041): Inferred latch for "paddr_temp[29]" at APB_CONTROLLER.v(93) File: C:/Users/HP/OneDrive/Desktop/Projects/MavenSilicon_Internship/APB_CONTROLLER.v Line: 93
Info (10041): Inferred latch for "paddr_temp[30]" at APB_CONTROLLER.v(93) File: C:/Users/HP/OneDrive/Desktop/Projects/MavenSilicon_Internship/APB_CONTROLLER.v Line: 93
Info (10041): Inferred latch for "paddr_temp[31]" at APB_CONTROLLER.v(93) File: C:/Users/HP/OneDrive/Desktop/Projects/MavenSilicon_Internship/APB_CONTROLLER.v Line: 93
Warning (12241): 2 hierarchies have connectivity warnings - see the Connectivity Checks report folder
Warning (13012): Latch APB_CONTROLLER:A2|pwrite_temp has unsafe behavior File: C:/Users/HP/OneDrive/Desktop/Projects/MavenSilicon_Internship/APB_CONTROLLER.v Line: 9
    Warning (13013): Ports D and ENA on the latch are fed by the same signal hwrite File: C:/Users/HP/OneDrive/Desktop/Projects/MavenSilicon_Internship/bridge_top.v Line: 1
Warning (13012): Latch APB_CONTROLLER:A2|paddr_temp[0] has unsafe behavior File: C:/Users/HP/OneDrive/Desktop/Projects/MavenSilicon_Internship/APB_CONTROLLER.v Line: 93
    Warning (13013): Ports D and ENA on the latch are fed by the same signal APB_CONTROLLER:A2|present.wwait File: C:/Users/HP/OneDrive/Desktop/Projects/MavenSilicon_Internship/APB_CONTROLLER.v Line: 17
Warning (13012): Latch APB_CONTROLLER:A2|paddr_temp[1] has unsafe behavior File: C:/Users/HP/OneDrive/Desktop/Projects/MavenSilicon_Internship/APB_CONTROLLER.v Line: 93
    Warning (13013): Ports D and ENA on the latch are fed by the same signal APB_CONTROLLER:A2|present.wwait File: C:/Users/HP/OneDrive/Desktop/Projects/MavenSilicon_Internship/APB_CONTROLLER.v Line: 17
Warning (13012): Latch APB_CONTROLLER:A2|paddr_temp[2] has unsafe behavior File: C:/Users/HP/OneDrive/Desktop/Projects/MavenSilicon_Internship/APB_CONTROLLER.v Line: 93
    Warning (13013): Ports D and ENA on the latch are fed by the same signal APB_CONTROLLER:A2|present.wwait File: C:/Users/HP/OneDrive/Desktop/Projects/MavenSilicon_Internship/APB_CONTROLLER.v Line: 17
Warning (13012): Latch APB_CONTROLLER:A2|paddr_temp[3] has unsafe behavior File: C:/Users/HP/OneDrive/Desktop/Projects/MavenSilicon_Internship/APB_CONTROLLER.v Line: 93
    Warning (13013): Ports D and ENA on the latch are fed by the same signal APB_CONTROLLER:A2|present.wwait File: C:/Users/HP/OneDrive/Desktop/Projects/MavenSilicon_Internship/APB_CONTROLLER.v Line: 17
Warning (13012): Latch APB_CONTROLLER:A2|paddr_temp[4] has unsafe behavior File: C:/Users/HP/OneDrive/Desktop/Projects/MavenSilicon_Internship/APB_CONTROLLER.v Line: 93
    Warning (13013): Ports D and ENA on the latch are fed by the same signal APB_CONTROLLER:A2|present.wwait File: C:/Users/HP/OneDrive/Desktop/Projects/MavenSilicon_Internship/APB_CONTROLLER.v Line: 17
Warning (13012): Latch APB_CONTROLLER:A2|paddr_temp[5] has unsafe behavior File: C:/Users/HP/OneDrive/Desktop/Projects/MavenSilicon_Internship/APB_CONTROLLER.v Line: 93
    Warning (13013): Ports D and ENA on the latch are fed by the same signal APB_CONTROLLER:A2|present.wwait File: C:/Users/HP/OneDrive/Desktop/Projects/MavenSilicon_Internship/APB_CONTROLLER.v Line: 17
Warning (13012): Latch APB_CONTROLLER:A2|paddr_temp[6] has unsafe behavior File: C:/Users/HP/OneDrive/Desktop/Projects/MavenSilicon_Internship/APB_CONTROLLER.v Line: 93
    Warning (13013): Ports D and ENA on the latch are fed by the same signal APB_CONTROLLER:A2|present.wwait File: C:/Users/HP/OneDrive/Desktop/Projects/MavenSilicon_Internship/APB_CONTROLLER.v Line: 17
Warning (13012): Latch APB_CONTROLLER:A2|paddr_temp[7] has unsafe behavior File: C:/Users/HP/OneDrive/Desktop/Projects/MavenSilicon_Internship/APB_CONTROLLER.v Line: 93
    Warning (13013): Ports D and ENA on the latch are fed by the same signal APB_CONTROLLER:A2|present.wwait File: C:/Users/HP/OneDrive/Desktop/Projects/MavenSilicon_Internship/APB_CONTROLLER.v Line: 17
Warning (13012): Latch APB_CONTROLLER:A2|paddr_temp[8] has unsafe behavior File: C:/Users/HP/OneDrive/Desktop/Projects/MavenSilicon_Internship/APB_CONTROLLER.v Line: 93
    Warning (13013): Ports D and ENA on the latch are fed by the same signal APB_CONTROLLER:A2|present.wwait File: C:/Users/HP/OneDrive/Desktop/Projects/MavenSilicon_Internship/APB_CONTROLLER.v Line: 17
Warning (13012): Latch APB_CONTROLLER:A2|paddr_temp[9] has unsafe behavior File: C:/Users/HP/OneDrive/Desktop/Projects/MavenSilicon_Internship/APB_CONTROLLER.v Line: 93
    Warning (13013): Ports D and ENA on the latch are fed by the same signal APB_CONTROLLER:A2|present.wwait File: C:/Users/HP/OneDrive/Desktop/Projects/MavenSilicon_Internship/APB_CONTROLLER.v Line: 17
Warning (13012): Latch APB_CONTROLLER:A2|paddr_temp[10] has unsafe behavior File: C:/Users/HP/OneDrive/Desktop/Projects/MavenSilicon_Internship/APB_CONTROLLER.v Line: 93
    Warning (13013): Ports D and ENA on the latch are fed by the same signal APB_CONTROLLER:A2|present.wwait File: C:/Users/HP/OneDrive/Desktop/Projects/MavenSilicon_Internship/APB_CONTROLLER.v Line: 17
Warning (13012): Latch APB_CONTROLLER:A2|paddr_temp[11] has unsafe behavior File: C:/Users/HP/OneDrive/Desktop/Projects/MavenSilicon_Internship/APB_CONTROLLER.v Line: 93
    Warning (13013): Ports D and ENA on the latch are fed by the same signal APB_CONTROLLER:A2|present.wwait File: C:/Users/HP/OneDrive/Desktop/Projects/MavenSilicon_Internship/APB_CONTROLLER.v Line: 17
Warning (13012): Latch APB_CONTROLLER:A2|paddr_temp[12] has unsafe behavior File: C:/Users/HP/OneDrive/Desktop/Projects/MavenSilicon_Internship/APB_CONTROLLER.v Line: 93
    Warning (13013): Ports D and ENA on the latch are fed by the same signal APB_CONTROLLER:A2|present.wwait File: C:/Users/HP/OneDrive/Desktop/Projects/MavenSilicon_Internship/APB_CONTROLLER.v Line: 17
Warning (13012): Latch APB_CONTROLLER:A2|paddr_temp[13] has unsafe behavior File: C:/Users/HP/OneDrive/Desktop/Projects/MavenSilicon_Internship/APB_CONTROLLER.v Line: 93
    Warning (13013): Ports D and ENA on the latch are fed by the same signal APB_CONTROLLER:A2|present.wwait File: C:/Users/HP/OneDrive/Desktop/Projects/MavenSilicon_Internship/APB_CONTROLLER.v Line: 17
Warning (13012): Latch APB_CONTROLLER:A2|paddr_temp[14] has unsafe behavior File: C:/Users/HP/OneDrive/Desktop/Projects/MavenSilicon_Internship/APB_CONTROLLER.v Line: 93
    Warning (13013): Ports D and ENA on the latch are fed by the same signal APB_CONTROLLER:A2|present.wwait File: C:/Users/HP/OneDrive/Desktop/Projects/MavenSilicon_Internship/APB_CONTROLLER.v Line: 17
Warning (13012): Latch APB_CONTROLLER:A2|paddr_temp[15] has unsafe behavior File: C:/Users/HP/OneDrive/Desktop/Projects/MavenSilicon_Internship/APB_CONTROLLER.v Line: 93
    Warning (13013): Ports D and ENA on the latch are fed by the same signal APB_CONTROLLER:A2|present.wwait File: C:/Users/HP/OneDrive/Desktop/Projects/MavenSilicon_Internship/APB_CONTROLLER.v Line: 17
Warning (13012): Latch APB_CONTROLLER:A2|paddr_temp[16] has unsafe behavior File: C:/Users/HP/OneDrive/Desktop/Projects/MavenSilicon_Internship/APB_CONTROLLER.v Line: 93
    Warning (13013): Ports D and ENA on the latch are fed by the same signal APB_CONTROLLER:A2|present.wwait File: C:/Users/HP/OneDrive/Desktop/Projects/MavenSilicon_Internship/APB_CONTROLLER.v Line: 17
Warning (13012): Latch APB_CONTROLLER:A2|paddr_temp[17] has unsafe behavior File: C:/Users/HP/OneDrive/Desktop/Projects/MavenSilicon_Internship/APB_CONTROLLER.v Line: 93
    Warning (13013): Ports D and ENA on the latch are fed by the same signal APB_CONTROLLER:A2|present.wwait File: C:/Users/HP/OneDrive/Desktop/Projects/MavenSilicon_Internship/APB_CONTROLLER.v Line: 17
Warning (13012): Latch APB_CONTROLLER:A2|paddr_temp[18] has unsafe behavior File: C:/Users/HP/OneDrive/Desktop/Projects/MavenSilicon_Internship/APB_CONTROLLER.v Line: 93
    Warning (13013): Ports D and ENA on the latch are fed by the same signal APB_CONTROLLER:A2|present.wwait File: C:/Users/HP/OneDrive/Desktop/Projects/MavenSilicon_Internship/APB_CONTROLLER.v Line: 17
Warning (13012): Latch APB_CONTROLLER:A2|paddr_temp[19] has unsafe behavior File: C:/Users/HP/OneDrive/Desktop/Projects/MavenSilicon_Internship/APB_CONTROLLER.v Line: 93
    Warning (13013): Ports D and ENA on the latch are fed by the same signal APB_CONTROLLER:A2|present.wwait File: C:/Users/HP/OneDrive/Desktop/Projects/MavenSilicon_Internship/APB_CONTROLLER.v Line: 17
Warning (13012): Latch APB_CONTROLLER:A2|paddr_temp[20] has unsafe behavior File: C:/Users/HP/OneDrive/Desktop/Projects/MavenSilicon_Internship/APB_CONTROLLER.v Line: 93
    Warning (13013): Ports D and ENA on the latch are fed by the same signal APB_CONTROLLER:A2|present.wwait File: C:/Users/HP/OneDrive/Desktop/Projects/MavenSilicon_Internship/APB_CONTROLLER.v Line: 17
Warning (13012): Latch APB_CONTROLLER:A2|paddr_temp[21] has unsafe behavior File: C:/Users/HP/OneDrive/Desktop/Projects/MavenSilicon_Internship/APB_CONTROLLER.v Line: 93
    Warning (13013): Ports D and ENA on the latch are fed by the same signal APB_CONTROLLER:A2|present.wwait File: C:/Users/HP/OneDrive/Desktop/Projects/MavenSilicon_Internship/APB_CONTROLLER.v Line: 17
Warning (13012): Latch APB_CONTROLLER:A2|paddr_temp[22] has unsafe behavior File: C:/Users/HP/OneDrive/Desktop/Projects/MavenSilicon_Internship/APB_CONTROLLER.v Line: 93
    Warning (13013): Ports D and ENA on the latch are fed by the same signal APB_CONTROLLER:A2|present.wwait File: C:/Users/HP/OneDrive/Desktop/Projects/MavenSilicon_Internship/APB_CONTROLLER.v Line: 17
Warning (13012): Latch APB_CONTROLLER:A2|paddr_temp[23] has unsafe behavior File: C:/Users/HP/OneDrive/Desktop/Projects/MavenSilicon_Internship/APB_CONTROLLER.v Line: 93
    Warning (13013): Ports D and ENA on the latch are fed by the same signal APB_CONTROLLER:A2|present.wwait File: C:/Users/HP/OneDrive/Desktop/Projects/MavenSilicon_Internship/APB_CONTROLLER.v Line: 17
Warning (13012): Latch APB_CONTROLLER:A2|paddr_temp[24] has unsafe behavior File: C:/Users/HP/OneDrive/Desktop/Projects/MavenSilicon_Internship/APB_CONTROLLER.v Line: 93
    Warning (13013): Ports D and ENA on the latch are fed by the same signal APB_CONTROLLER:A2|present.wwait File: C:/Users/HP/OneDrive/Desktop/Projects/MavenSilicon_Internship/APB_CONTROLLER.v Line: 17
Warning (13012): Latch APB_CONTROLLER:A2|paddr_temp[25] has unsafe behavior File: C:/Users/HP/OneDrive/Desktop/Projects/MavenSilicon_Internship/APB_CONTROLLER.v Line: 93
    Warning (13013): Ports D and ENA on the latch are fed by the same signal APB_CONTROLLER:A2|present.wwait File: C:/Users/HP/OneDrive/Desktop/Projects/MavenSilicon_Internship/APB_CONTROLLER.v Line: 17
Warning (13012): Latch APB_CONTROLLER:A2|paddr_temp[26] has unsafe behavior File: C:/Users/HP/OneDrive/Desktop/Projects/MavenSilicon_Internship/APB_CONTROLLER.v Line: 93
    Warning (13013): Ports D and ENA on the latch are fed by the same signal APB_CONTROLLER:A2|present.wwait File: C:/Users/HP/OneDrive/Desktop/Projects/MavenSilicon_Internship/APB_CONTROLLER.v Line: 17
Warning (13012): Latch APB_CONTROLLER:A2|paddr_temp[27] has unsafe behavior File: C:/Users/HP/OneDrive/Desktop/Projects/MavenSilicon_Internship/APB_CONTROLLER.v Line: 93
    Warning (13013): Ports D and ENA on the latch are fed by the same signal APB_CONTROLLER:A2|present.wwait File: C:/Users/HP/OneDrive/Desktop/Projects/MavenSilicon_Internship/APB_CONTROLLER.v Line: 17
Warning (13012): Latch APB_CONTROLLER:A2|paddr_temp[28] has unsafe behavior File: C:/Users/HP/OneDrive/Desktop/Projects/MavenSilicon_Internship/APB_CONTROLLER.v Line: 93
    Warning (13013): Ports D and ENA on the latch are fed by the same signal haddr[28] File: C:/Users/HP/OneDrive/Desktop/Projects/MavenSilicon_Internship/bridge_top.v Line: 2
Warning (13012): Latch APB_CONTROLLER:A2|paddr_temp[29] has unsafe behavior File: C:/Users/HP/OneDrive/Desktop/Projects/MavenSilicon_Internship/APB_CONTROLLER.v Line: 93
    Warning (13013): Ports D and ENA on the latch are fed by the same signal haddr[29] File: C:/Users/HP/OneDrive/Desktop/Projects/MavenSilicon_Internship/bridge_top.v Line: 2
Warning (13012): Latch APB_CONTROLLER:A2|paddr_temp[30] has unsafe behavior File: C:/Users/HP/OneDrive/Desktop/Projects/MavenSilicon_Internship/APB_CONTROLLER.v Line: 93
    Warning (13013): Ports D and ENA on the latch are fed by the same signal haddr[30] File: C:/Users/HP/OneDrive/Desktop/Projects/MavenSilicon_Internship/bridge_top.v Line: 2
Warning (13012): Latch APB_CONTROLLER:A2|paddr_temp[31] has unsafe behavior File: C:/Users/HP/OneDrive/Desktop/Projects/MavenSilicon_Internship/APB_CONTROLLER.v Line: 93
    Warning (13013): Ports D and ENA on the latch are fed by the same signal haddr[31] File: C:/Users/HP/OneDrive/Desktop/Projects/MavenSilicon_Internship/bridge_top.v Line: 2
Warning (13024): Output pins are stuck at VCC or GND
    Warning (13410): Pin "psel[0]" is stuck at GND File: C:/Users/HP/OneDrive/Desktop/Projects/MavenSilicon_Internship/bridge_top.v Line: 3
    Warning (13410): Pin "psel[1]" is stuck at GND File: C:/Users/HP/OneDrive/Desktop/Projects/MavenSilicon_Internship/bridge_top.v Line: 3
    Warning (13410): Pin "psel[2]" is stuck at GND File: C:/Users/HP/OneDrive/Desktop/Projects/MavenSilicon_Internship/bridge_top.v Line: 3
    Warning (13410): Pin "hresp[0]" is stuck at GND File: C:/Users/HP/OneDrive/Desktop/Projects/MavenSilicon_Internship/bridge_top.v Line: 4
    Warning (13410): Pin "hresp[1]" is stuck at GND File: C:/Users/HP/OneDrive/Desktop/Projects/MavenSilicon_Internship/bridge_top.v Line: 4
Info (286030): Timing-Driven Synthesis is running
Info (17049): 3 registers lost all their fanouts during netlist optimizations.
Info (16010): Generating hard_block partition "hard_block:auto_generated_inst"
    Info (16011): Adding 0 node(s), including 0 DDIO, 0 PLL, 0 transceiver and 0 LCELL
Info (21057): Implemented 420 device resources after synthesis - the final resource count might be different
    Info (21058): Implemented 102 input pins
    Info (21059): Implemented 104 output pins
    Info (21061): Implemented 214 logic cells
Info: Quartus Prime Analysis & Synthesis was successful. 0 errors, 82 warnings
    Info: Peak virtual memory: 4811 megabytes
    Info: Processing ended: Sat Jun 24 22:02:30 2023
    Info: Elapsed time: 00:00:24
    Info: Total CPU time (on all processors): 00:00:38


